<?xml version="1.0" encoding="UTF-8"?>
<!-- Generated by org.testng.reporters.JUnitXMLReporter -->
<testsuite ignored="0" hostname="DESKTOP-2MV2ECG" failures="0" tests="2" name="Default test" time="175.031" errors="0" timestamp="2020-11-16T14:53:11 IST">
  <testcase classname="Com.Testcases.RestaurantDetail.RestaurantDetail" name="Test_RestaurantDetail" time="135.012"/>
  <testcase classname="Com.Testcases.RestaurantDetail.RestaurantDetail" name="Test_LoadRestaurant" time="20.577"/>
</testsuite> <!-- Default test -->
