<?xml version="1.0" encoding="UTF-8"?>
<testng-results ignored="0" total="2" passed="2" failed="0" skipped="0">
  <reporter-output>
  </reporter-output>
  <suite started-at="2020-11-16T14:50:16 IST" name="Default suite" finished-at="2020-11-16T14:53:11 IST" duration-ms="175031">
    <groups>
    </groups>
    <test started-at="2020-11-16T14:50:16 IST" name="Default test" finished-at="2020-11-16T14:53:11 IST" duration-ms="175031">
      <class name="Com.Testcases.RestaurantDetail.RestaurantDetail">
        <test-method is-config="true" signature="setProperties()[pri:0, instance:Com.Testcases.RestaurantDetail.RestaurantDetail@11981797]" started-at="2020-11-16T14:50:16 IST" name="setProperties" finished-at="2020-11-16T14:50:16 IST" duration-ms="16" status="PASS">
          <reporter-output>
          </reporter-output>
        </test-method> <!-- setProperties -->
        <test-method is-config="true" signature="Testbefore()[pri:0, instance:Com.Testcases.RestaurantDetail.RestaurantDetail@11981797]" started-at="2020-11-16T14:50:16 IST" name="Testbefore" finished-at="2020-11-16T14:50:33 IST" duration-ms="17436" status="PASS">
          <reporter-output>
          </reporter-output>
        </test-method> <!-- Testbefore -->
        <test-method signature="Test_RestaurantDetail(java.util.Hashtable)[pri:1, instance:Com.Testcases.RestaurantDetail.RestaurantDetail@11981797]" started-at="2020-11-16T14:50:33 IST" name="Test_RestaurantDetail" data-provider="Test_RestaurantDetail" finished-at="2020-11-16T14:52:48 IST" duration-ms="135012" status="PASS">
          <params>
            <param index="0">
              <value>
                <![CDATA[{location=sai, Environment=QA, Runmode=Y, TestcaseName=Find_Restaurant, row=3, Result=Pass}]]>
              </value>
            </param>
          </params>
          <reporter-output>
          </reporter-output>
        </test-method> <!-- Test_RestaurantDetail -->
        <test-method signature="Test_LoadRestaurant(java.util.Hashtable)[pri:2, instance:Com.Testcases.RestaurantDetail.RestaurantDetail@11981797]" started-at="2020-11-16T14:52:48 IST" name="Test_LoadRestaurant" data-provider="Test_LoadRestaurant" finished-at="2020-11-16T14:53:09 IST" duration-ms="20577" status="PASS">
          <params>
            <param index="0">
              <value>
                <![CDATA[{location=sai, Environment=QA, Runmode=Y, TestcaseName=Compare_Restaurant, row=7, Result=Pass}]]>
              </value>
            </param>
          </params>
          <reporter-output>
          </reporter-output>
        </test-method> <!-- Test_LoadRestaurant -->
        <test-method is-config="true" signature="afterMethod()[pri:0, instance:Com.Testcases.RestaurantDetail.RestaurantDetail@11981797]" started-at="2020-11-16T14:53:09 IST" name="afterMethod" finished-at="2020-11-16T14:53:11 IST" duration-ms="1893" status="PASS">
          <reporter-output>
          </reporter-output>
        </test-method> <!-- afterMethod -->
      </class> <!-- Com.Testcases.RestaurantDetail.RestaurantDetail -->
    </test> <!-- Default test -->
  </suite> <!-- Default suite -->
</testng-results>
